<?xml version="1.0" encoding="UTF-8"?>
<!-- Generated by org.testng.reporters.JUnitReportReporter -->
<testsuite hostname="DESKTOP-6VNM66A" failures="0" tests="1" name="seleniumDemo.FirstTest" time="0.016" errors="0" timestamp="2024-05-06T20:10:01 IST" skipped="0">
  <testcase classname="seleniumDemo.FirstTest" name="myTest" time="0.016"/>
</testsuite> <!-- seleniumDemo.FirstTest -->
